{
  "RSpec": {
    "coverage": {
      "/Users/elliotolbright/turing/mod2/practice/ic_practice/config/environment.rb": {
        "lines": [
          null,
          1,
          null,
          null,
          1
        ]
      },
      "/Users/elliotolbright/turing/mod2/practice/ic_practice/config/application.rb": {
        "lines": [
          1,
          null,
          1,
          null,
          1,
          1,
          1,
          1,
          1,
          1,
          1,
          1,
          1,
          null,
          null,
          null,
          null,
          1,
          null,
          1,
          1,
          null,
          1,
          null,
          null,
          null,
          null,
          null,
          null,
          null,
          1,
          null,
          null
        ]
      },
      "/Users/elliotolbright/turing/mod2/practice/ic_practice/config/boot.rb": {
        "lines": [
          1,
          null,
          1,
          1
        ]
      },
      "/Users/elliotolbright/turing/mod2/practice/ic_practice/config/environments/test.rb": {
        "lines": [
          1,
          null,
          null,
          null,
          null,
          null,
          null,
          1,
          null,
          null,
          null,
          null,
          1,
          null,
          null,
          1,
          1,
          null,
          null,
          null,
          null,
          1,
          1,
          null,
          null,
          1,
          null,
          null,
          1,
          null,
          null,
          1,
          null,
          1,
          null,
          null,
          null,
          null,
          1,
          null,
          null,
          1,
          null,
          null,
          null,
          null
        ]
      },
      "/Users/elliotolbright/turing/mod2/practice/ic_practice/config/initializers/application_controller_renderer.rb": {
        "lines": [
          null,
          null,
          null,
          null,
          null,
          null,
          null,
          null
        ]
      },
      "/Users/elliotolbright/turing/mod2/practice/ic_practice/config/initializers/assets.rb": {
        "lines": [
          null,
          null,
          null,
          1,
          null,
          null,
          null,
          null,
          1,
          null,
          null,
          null,
          null,
          null
        ]
      },
      "/Users/elliotolbright/turing/mod2/practice/ic_practice/config/initializers/backtrace_silencers.rb": {
        "lines": [
          null,
          null,
          null,
          null,
          null,
          null,
          null
        ]
      },
      "/Users/elliotolbright/turing/mod2/practice/ic_practice/config/initializers/content_security_policy.rb": {
        "lines": [
          null,
          null,
          null,
          null,
          null,
          null,
          null,
          null,
          null,
          null,
          null,
          null,
          null,
          null,
          null,
          null,
          null,
          null,
          null,
          null,
          null,
          null,
          null,
          null,
          null
        ]
      },
      "/Users/elliotolbright/turing/mod2/practice/ic_practice/config/initializers/cookies_serializer.rb": {
        "lines": [
          null,
          null,
          null,
          null,
          1
        ]
      },
      "/Users/elliotolbright/turing/mod2/practice/ic_practice/config/initializers/filter_parameter_logging.rb": {
        "lines": [
          null,
          null,
          null,
          1
        ]
      },
      "/Users/elliotolbright/turing/mod2/practice/ic_practice/config/initializers/inflections.rb": {
        "lines": [
          null,
          null,
          null,
          null,
          null,
          null,
          null,
          null,
          null,
          null,
          null,
          null,
          null,
          null,
          null,
          null
        ]
      },
      "/Users/elliotolbright/turing/mod2/practice/ic_practice/config/initializers/mime_types.rb": {
        "lines": [
          null,
          null,
          null,
          null
        ]
      },
      "/Users/elliotolbright/turing/mod2/practice/ic_practice/config/initializers/wrap_parameters.rb": {
        "lines": [
          null,
          null,
          null,
          null,
          null,
          null,
          1,
          2,
          null,
          null,
          null,
          null,
          null,
          null
        ]
      },
      "/Users/elliotolbright/turing/mod2/practice/ic_practice/config/routes.rb": {
        "lines": [
          1,
          null,
          null,
          1,
          null
        ]
      },
      "/Users/elliotolbright/turing/mod2/practice/ic_practice/app/helpers/application_helper.rb": {
        "lines": [
          1,
          null
        ]
      },
      "/Users/elliotolbright/turing/mod2/practice/ic_practice/spec/features/ride_spec.rb": {
        "lines": [

        ]
      },
      "/Users/elliotolbright/turing/mod2/practice/ic_practice/spec/models/maintenence_spec.rb": {
        "lines": [
          1,
          null,
          1,
          1,
          2,
          2,
          null,
          null
        ]
      },
      "/Users/elliotolbright/turing/mod2/practice/ic_practice/app/models/maintenence.rb": {
        "lines": [
          1,
          1,
          1,
          null
        ]
      },
      "/Users/elliotolbright/turing/mod2/practice/ic_practice/app/models/application_record.rb": {
        "lines": [
          1,
          1,
          null
        ]
      },
      "/Users/elliotolbright/turing/mod2/practice/ic_practice/spec/models/mechanic_spec.rb": {
        "lines": [
          1,
          null,
          1,
          1,
          2,
          2,
          null,
          null,
          1,
          1,
          1,
          1,
          1,
          1,
          1,
          null,
          1,
          null,
          null,
          null,
          null
        ]
      },
      "/Users/elliotolbright/turing/mod2/practice/ic_practice/app/models/mechanic.rb": {
        "lines": [
          1,
          1,
          1,
          null,
          1,
          4,
          null,
          null
        ]
      },
      "/Users/elliotolbright/turing/mod2/practice/ic_practice/spec/models/ride_spec.rb": {
        "lines": [
          1,
          null,
          1,
          1,
          2,
          2,
          null,
          null
        ]
      },
      "/Users/elliotolbright/turing/mod2/practice/ic_practice/app/models/ride.rb": {
        "lines": [
          1,
          1,
          1,
          null
        ]
      },
      "/Users/elliotolbright/turing/mod2/practice/ic_practice/app/controllers/mechanics_controller.rb": {
        "lines": [
          1,
          1,
          3,
          null,
          null
        ]
      },
      "/Users/elliotolbright/turing/mod2/practice/ic_practice/app/controllers/application_controller.rb": {
        "lines": [
          1,
          null
        ]
      }
    },
    "timestamp": 1627246286
  }
}
